  소스.cpp
c:\users\a\documents\visual studio 2015\projects\fs01\fs01\소스.cpp(18): warning C4996: 'sprintf': This function or variable may be unsafe. Consider using sprintf_s instead. To disable deprecation, use _CRT_SECURE_NO_WARNINGS. See online help for details.
  c:\program files (x86)\windows kits\10\include\10.0.10240.0\ucrt\stdio.h(1769): note: 'sprintf' 선언을 참조하십시오.
c:\users\a\documents\visual studio 2015\projects\fs01\fs01\소스.cpp(64): warning C4996: 'localtime': This function or variable may be unsafe. Consider using localtime_s instead. To disable deprecation, use _CRT_SECURE_NO_WARNINGS. See online help for details.
  c:\program files (x86)\windows kits\10\include\10.0.10240.0\ucrt\time.h(505): note: 'localtime' 선언을 참조하십시오.
c:\users\a\documents\visual studio 2015\projects\fs01\fs01\소스.cpp(65): warning C4996: 'localtime': This function or variable may be unsafe. Consider using localtime_s instead. To disable deprecation, use _CRT_SECURE_NO_WARNINGS. See online help for details.
  c:\program files (x86)\windows kits\10\include\10.0.10240.0\ucrt\time.h(505): note: 'localtime' 선언을 참조하십시오.
c:\users\a\documents\visual studio 2015\projects\fs01\fs01\소스.cpp(75): warning C4996: 'localtime': This function or variable may be unsafe. Consider using localtime_s instead. To disable deprecation, use _CRT_SECURE_NO_WARNINGS. See online help for details.
  c:\program files (x86)\windows kits\10\include\10.0.10240.0\ucrt\time.h(505): note: 'localtime' 선언을 참조하십시오.
c:\users\a\documents\visual studio 2015\projects\fs01\fs01\소스.cpp(76): warning C4996: 'localtime': This function or variable may be unsafe. Consider using localtime_s instead. To disable deprecation, use _CRT_SECURE_NO_WARNINGS. See online help for details.
  c:\program files (x86)\windows kits\10\include\10.0.10240.0\ucrt\time.h(505): note: 'localtime' 선언을 참조하십시오.
c:\users\a\documents\visual studio 2015\projects\fs01\fs01\소스.cpp(87): warning C4996: 'localtime': This function or variable may be unsafe. Consider using localtime_s instead. To disable deprecation, use _CRT_SECURE_NO_WARNINGS. See online help for details.
  c:\program files (x86)\windows kits\10\include\10.0.10240.0\ucrt\time.h(505): note: 'localtime' 선언을 참조하십시오.
c:\users\a\documents\visual studio 2015\projects\fs01\fs01\소스.cpp(88): warning C4996: 'localtime': This function or variable may be unsafe. Consider using localtime_s instead. To disable deprecation, use _CRT_SECURE_NO_WARNINGS. See online help for details.
  c:\program files (x86)\windows kits\10\include\10.0.10240.0\ucrt\time.h(505): note: 'localtime' 선언을 참조하십시오.
c:\users\a\documents\visual studio 2015\projects\fs01\fs01\소스.cpp(99): warning C4996: 'localtime': This function or variable may be unsafe. Consider using localtime_s instead. To disable deprecation, use _CRT_SECURE_NO_WARNINGS. See online help for details.
  c:\program files (x86)\windows kits\10\include\10.0.10240.0\ucrt\time.h(505): note: 'localtime' 선언을 참조하십시오.
c:\users\a\documents\visual studio 2015\projects\fs01\fs01\소스.cpp(100): warning C4996: 'localtime': This function or variable may be unsafe. Consider using localtime_s instead. To disable deprecation, use _CRT_SECURE_NO_WARNINGS. See online help for details.
  c:\program files (x86)\windows kits\10\include\10.0.10240.0\ucrt\time.h(505): note: 'localtime' 선언을 참조하십시오.
c:\users\a\documents\visual studio 2015\projects\fs01\fs01\소스.cpp(110): warning C4996: 'localtime': This function or variable may be unsafe. Consider using localtime_s instead. To disable deprecation, use _CRT_SECURE_NO_WARNINGS. See online help for details.
  c:\program files (x86)\windows kits\10\include\10.0.10240.0\ucrt\time.h(505): note: 'localtime' 선언을 참조하십시오.
c:\users\a\documents\visual studio 2015\projects\fs01\fs01\소스.cpp(111): warning C4996: 'localtime': This function or variable may be unsafe. Consider using localtime_s instead. To disable deprecation, use _CRT_SECURE_NO_WARNINGS. See online help for details.
  c:\program files (x86)\windows kits\10\include\10.0.10240.0\ucrt\time.h(505): note: 'localtime' 선언을 참조하십시오.
c:\users\a\documents\visual studio 2015\projects\fs01\fs01\소스.cpp(122): warning C4996: 'localtime': This function or variable may be unsafe. Consider using localtime_s instead. To disable deprecation, use _CRT_SECURE_NO_WARNINGS. See online help for details.
  c:\program files (x86)\windows kits\10\include\10.0.10240.0\ucrt\time.h(505): note: 'localtime' 선언을 참조하십시오.
c:\users\a\documents\visual studio 2015\projects\fs01\fs01\소스.cpp(123): warning C4996: 'localtime': This function or variable may be unsafe. Consider using localtime_s instead. To disable deprecation, use _CRT_SECURE_NO_WARNINGS. See online help for details.
  c:\program files (x86)\windows kits\10\include\10.0.10240.0\ucrt\time.h(505): note: 'localtime' 선언을 참조하십시오.
c:\users\a\documents\visual studio 2015\projects\fs01\fs01\소스.cpp(161): warning C4996: 'mkdir': The POSIX name for this item is deprecated. Instead, use the ISO C and C++ conformant name: _mkdir. See online help for details.
  c:\program files (x86)\windows kits\10\include\10.0.10240.0\ucrt\direct.h(108): note: 'mkdir' 선언을 참조하십시오.
c:\users\a\documents\visual studio 2015\projects\fs01\fs01\소스.cpp(180): warning C4244: '초기화 중': 'std::streamoff'에서 'long'(으)로 변환하면서 데이터가 손실될 수 있습니다.
c:\users\a\documents\visual studio 2015\projects\fs01\fs01\소스.cpp(232): warning C4996: 'mkdir': The POSIX name for this item is deprecated. Instead, use the ISO C and C++ conformant name: _mkdir. See online help for details.
  c:\program files (x86)\windows kits\10\include\10.0.10240.0\ucrt\direct.h(108): note: 'mkdir' 선언을 참조하십시오.
c:\users\a\documents\visual studio 2015\projects\fs01\fs01\소스.cpp(133): warning C4715: 'checkTime': 모든 제어 경로에서 값을 반환하지는 않습니다.
  FS01.vcxproj -> c:\users\a\documents\visual studio 2015\Projects\FS01\Debug\FS01.exe
  FS01.vcxproj -> c:\users\a\documents\visual studio 2015\Projects\FS01\Debug\FS01.pdb (Full PDB)
